SimpleActivityLifecycleDemoStudent/app/build/outputs/logs/manifest-merger-debug-report.txt
-- Merging decision tree log ---
manifest
ADDED from src\main\AndroidManifest.xml:2:1-29:12
	package
		ADDED from src\main\AndroidManifest.xml:3:11-47
		INJECTED from src\main\AndroidManifest.xml
		INJECTED from src\main\AndroidManifest.xml
	android:versionName
		ADDED from src\main\AndroidManifest.xml:4:35-60
		INJECTED from src\main\AndroidManifest.xml
		INJECTED from src\main\AndroidManifest.xml
	android:versionCode
		ADDED from src\main\AndroidManifest.xml:4:11-34
		INJECTED from src\main\AndroidManifest.xml
		INJECTED from src\main\AndroidManifest.xml
	xmlns:android
		ADDED from src\main\AndroidManifest.xml:2:11-69
uses-sdk
ADDED from src\main\AndroidManifest.xml:5:5-43
	android:targetSdkVersion
		INJECTED from src\main\AndroidManifest.xml
		INJECTED from src\main\AndroidManifest.xml
	android:minSdkVersion
		ADDED from src\main\AndroidManifest.xml:5:15-41
		INJECTED from src\main\AndroidManifest.xml
		INJECTED from src\main\AndroidManifest.xml
application
ADDED from src\main\AndroidManifest.xml:6:5-28:19
	android:label
		ADDED from src\main\AndroidManifest.xml:6:18-50
	android:icon
		ADDED from src\main\AndroidManifest.xml:7:9-45
	android:theme
		ADDED from src\main\AndroidManifest.xml:8:9-54
activity#edu.monash.fit2081.Testing.Lifecycles
ADDED from src\main\AndroidManifest.xml:9:9-16:20
	android:label
		ADDED from src\main\AndroidManifest.xml:10:19-51
	android:windowSoftInputMode
		ADDED from src\main\AndroidManifest.xml:11:19-60
	android:name
		ADDED from src\main\AndroidManifest.xml:9:19-45
intent-filter#android.intent.action.MAIN+android.intent.category.LAUNCHER
ADDED from src\main\AndroidManifest.xml:12:13-15:29
action#android.intent.action.MAIN
ADDED from src\main\AndroidManifest.xml:13:17-68
	android:name
		ADDED from src\main\AndroidManifest.xml:13:25-66
category#android.intent.category.LAUNCHER
ADDED from src\main\AndroidManifest.xml:14:17-76
	android:name
		ADDED from src\main\AndroidManifest.xml:14:27-74
activity#edu.monash.fit2081.Testing.TestFullActivity
ADDED from src\main\AndroidManifest.xml:18:9-21:20
	android:label
		ADDED from src\main\AndroidManifest.xml:19:19-55
	android:name
		ADDED from src\main\AndroidManifest.xml:18:19-51
activity#edu.monash.fit2081.Testing.TestPartialActivity
ADDED from src\main\AndroidManifest.xml:23:9-27:20
	android:label
		ADDED from src\main\AndroidManifest.xml:24:19-51
	android:theme
		ADDED from src\main\AndroidManifest.xml:25:19-62
	android:name
		ADDED from src\main\AndroidManifest.xml:23:19-54